<?xml version="1.0" encoding="UTF-8"?>
<!-- Generated by org.testng.reporters.JUnitXMLReporter -->
<testsuite hostname="DESKTOP-VJQVG9M" ignored="0" name="FirefoxTest" tests="1" failures="1" timestamp="2023-05-03T21:37:21 IST" time="0.015" errors="0">
  <testcase name="test1" time="0.006" classname="testngpackage.Crossbrowser">
    <failure type="java.lang.NullPointerException">
      <![CDATA[java.lang.NullPointerException
at testngpackage.Crossbrowser.test1(Crossbrowser.java:36)
at java.util.ArrayList.forEach(Unknown Source)
... Removed 27 stack frames]]>
    </failure>
  </testcase> <!-- test1 -->
</testsuite> <!-- FirefoxTest -->
