<?xml version="1.0" encoding="UTF-8"?>
<testng-results skipped="0" failed="0" ignored="0" total="1" passed="1">
  <reporter-output>
  </reporter-output>
  <suite name="Default suite" duration-ms="19346" started-at="2023-05-09T20:47:55 IST" finished-at="2023-05-09T20:48:14 IST">
    <groups>
    </groups>
    <test name="Default test" duration-ms="19346" started-at="2023-05-09T20:47:55 IST" finished-at="2023-05-09T20:48:14 IST">
      <class name="testngpackage.Scrolldown">
        <test-method status="PASS" signature="test()[pri:0, instance:testngpackage.Scrolldown@4bb4de6a]" name="test" is-config="true" duration-ms="14095" started-at="2023-05-09T20:47:55 IST" finished-at="2023-05-09T20:48:09 IST">
          <reporter-output>
          </reporter-output>
        </test-method> <!-- test -->
        <test-method status="PASS" signature="method()[pri:0, instance:testngpackage.Scrolldown@4bb4de6a]" name="method" is-config="true" duration-ms="4586" started-at="2023-05-09T20:48:09 IST" finished-at="2023-05-09T20:48:14 IST">
          <reporter-output>
          </reporter-output>
        </test-method> <!-- method -->
        <test-method status="PASS" signature="test1()[pri:0, instance:testngpackage.Scrolldown@4bb4de6a]" name="test1" duration-ms="568" started-at="2023-05-09T20:48:14 IST" finished-at="2023-05-09T20:48:14 IST">
          <reporter-output>
          </reporter-output>
        </test-method> <!-- test1 -->
      </class> <!-- testngpackage.Scrolldown -->
    </test> <!-- Default test -->
  </suite> <!-- Default suite -->
</testng-results>
